<?xml version="1.0" encoding="UTF-8"?>
<testng-results ignored="0" total="1" passed="1" failed="0" skipped="0">
  <reporter-output>
  </reporter-output>
  <suite started-at="2020-04-29T09:53:10 IST" name="Suite" finished-at="2020-04-29T09:53:10 IST" duration-ms="80">
    <groups>
    </groups>
    <test started-at="2020-04-29T09:53:10 IST" name="Test" finished-at="2020-04-29T09:53:10 IST" duration-ms="80">
      <class name="com.PracticeTest.MavenProject.SeleniumTest">
        <test-method signature="Dummy1()[pri:0, instance:com.PracticeTest.MavenProject.SeleniumTest@6b4a4e18]" started-at="2020-04-29T09:53:10 IST" name="Dummy1" finished-at="2020-04-29T09:53:10 IST" duration-ms="12" status="PASS">
          <reporter-output>
          </reporter-output>
        </test-method> <!-- Dummy1 -->
      </class> <!-- com.PracticeTest.MavenProject.SeleniumTest -->
    </test> <!-- Test -->
  </suite> <!-- Suite -->
</testng-results>
